<?xml version="1.0" encoding="UTF-8"?>
<testsuite name="com.cosmocats.api.ProductControllerValidationTest" tests="3" skipped="0" failures="0" errors="0" timestamp="2025-11-27T22:18:40" hostname="DESKTOP-H6EG9BA" time="0.172">
  <properties/>
  <testcase name="list_ok()" classname="com.cosmocats.api.ProductControllerValidationTest" time="0.112"/>
  <testcase name="create_invalidRequest_returns400()" classname="com.cosmocats.api.ProductControllerValidationTest" time="0.03"/>
  <testcase name="create_validRequest_returns201()" classname="com.cosmocats.api.ProductControllerValidationTest" time="0.023"/>
  <system-out><![CDATA[2025-11-27T22:18:39.496Z  INFO 21580 --- [lab3-cosmocats-db] [    Test worker] t.c.s.AnnotationConfigContextLoaderUtils : Could not detect default configuration classes for test class [com.cosmocats.api.ProductControllerValidationTest]: ProductControllerValidationTest does not declare any static, non-private, non-final, nested classes annotated with @Configuration.
2025-11-27T22:18:39.533Z  INFO 21580 --- [lab3-cosmocats-db] [    Test worker] .b.t.c.SpringBootTestContextBootstrapper : Found @SpringBootConfiguration com.cosmocats.CosmoCatsApplication for test class com.cosmocats.api.ProductControllerValidationTest

  .   ____          _            __ _ _
 /\\ / ___'_ __ _ _(_)_ __  __ _ \ \ \ \
( ( )\___ | '_ | '_| | '_ \/ _` | \ \ \ \
 \\/  ___)| |_)| | | | | || (_| |  ) ) ) )
  '  |____| .__|_| |_|_| |_\__, | / / / /
 =========|_|==============|___/=/_/_/_/

 :: Spring Boot ::                (v3.3.5)

2025-11-27T22:18:39.595Z  INFO 21580 --- [lab3-cosmocats-db] [    Test worker] c.c.api.ProductControllerValidationTest  : Starting ProductControllerValidationTest using Java 21.0.8 with PID 21580 (started by Admin in D:\Dz\Web_Java\Test\lab3_cosmocats)
2025-11-27T22:18:39.595Z  INFO 21580 --- [lab3-cosmocats-db] [    Test worker] c.c.api.ProductControllerValidationTest  : No active profile set, falling back to 1 default profile: "default"
2025-11-27T22:18:40.389Z  INFO 21580 --- [lab3-cosmocats-db] [    Test worker] o.s.b.t.m.w.SpringBootMockServletContext : Initializing Spring TestDispatcherServlet ''
2025-11-27T22:18:40.393Z  INFO 21580 --- [lab3-cosmocats-db] [    Test worker] o.s.t.web.servlet.TestDispatcherServlet  : Initializing Servlet ''
2025-11-27T22:18:40.395Z  INFO 21580 --- [lab3-cosmocats-db] [    Test worker] o.s.t.web.servlet.TestDispatcherServlet  : Completed initialization in 1 ms
2025-11-27T22:18:40.409Z  INFO 21580 --- [lab3-cosmocats-db] [    Test worker] c.c.api.ProductControllerValidationTest  : Started ProductControllerValidationTest in 0.871 seconds (process running for 25.237)
]]></system-out>
  <system-err><![CDATA[]]></system-err>
</testsuite>
