<?xml version="1.0" encoding="UTF-8"?>
<testsuite name="com.cosmocats.service.DefaultProductServiceTest" tests="8" skipped="0" failures="0" errors="0" timestamp="2025-11-27T22:18:59" hostname="DESKTOP-H6EG9BA" time="0.318">
  <properties/>
  <testcase name="update_ok()" classname="com.cosmocats.service.DefaultProductServiceTest" time="0.268"/>
  <testcase name="get_ok()" classname="com.cosmocats.service.DefaultProductServiceTest" time="0.003"/>
  <testcase name="get_notFound()" classname="com.cosmocats.service.DefaultProductServiceTest" time="0.004"/>
  <testcase name="delete_ok()" classname="com.cosmocats.service.DefaultProductServiceTest" time="0.019"/>
  <testcase name="create_duplicateName_throws()" classname="com.cosmocats.service.DefaultProductServiceTest" time="0.005"/>
  <testcase name="list_ok()" classname="com.cosmocats.service.DefaultProductServiceTest" time="0.002"/>
  <testcase name="delete_notFound()" classname="com.cosmocats.service.DefaultProductServiceTest" time="0.003"/>
  <testcase name="create_ok()" classname="com.cosmocats.service.DefaultProductServiceTest" time="0.007"/>
  <system-out><![CDATA[]]></system-out>
  <system-err><![CDATA[]]></system-err>
</testsuite>
